<?xml version="1.0" encoding="UTF-8"?>
<!-- Generated by org.testng.reporters.JUnitReportReporter -->
<testsuite skipped="0" hostname="DESKTOP-NLD0ADD" name="Holidays.Tc_ViaHolidays_001" tests="1" failures="0" timestamp="2023-01-21T15:44:00 IST" time="0.235" errors="0">
  <testcase name="holidays" time="0.235" classname="Holidays.Tc_ViaHolidays_001"/>
  <system-out>
clicked  </system-out>
</testsuite> <!-- Holidays.Tc_ViaHolidays_001 -->
