<?xml version="1.0" encoding="UTF-8"?>
<!-- Generated by org.testng.reporters.JUnitReportReporter -->
<testsuite skipped="0" hostname="DESKTOP-NLD0ADD" name="Holidays.Tc_ViaHolidays_003" tests="1" failures="0" timestamp="2023-01-21T16:31:02 IST" time="3.203" errors="0">
  <testcase name="toVerifyTheErrorMsg" time="3.203" classname="Holidays.Tc_ViaHolidays_003"/>
  <system-out/>
</testsuite> <!-- Holidays.Tc_ViaHolidays_003 -->
