<?xml version="1.0" encoding="UTF-8"?>
<!-- Generated by org.testng.reporters.JUnitReportReporter -->
<testsuite skipped="0" hostname="DESKTOP-NLD0ADD" name="Holidays.Tc_ViaHolidays_004" tests="1" failures="0" timestamp="2023-01-21T16:11:23 IST" time="3.028" errors="0">
  <testcase name="toClickOnDrop" time="3.028" classname="Holidays.Tc_ViaHolidays_004"/>
  <system-out>
clicked on holidays button clicked on dropdown  </system-out>
</testsuite> <!-- Holidays.Tc_ViaHolidays_004 -->
