<?xml version="1.0" encoding="UTF-8"?>
<!-- Generated by org.testng.reporters.JUnitReportReporter -->
<testsuite skipped="0" hostname="DESKTOP-NLD0ADD" name="Annotations.ConfigurationAnnotations" tests="1" failures="0" timestamp="2023-01-30T12:19:56 IST" time="0.011" errors="0">
  <testcase name="test" time="0.011" classname="Annotations.ConfigurationAnnotations"/>
  <system-out>
hlo  </system-out>
</testsuite> <!-- Annotations.ConfigurationAnnotations -->
