<?xml version="1.0" encoding="UTF-8"?>
<!-- Generated by org.testng.reporters.JUnitReportReporter -->
<testsuite skipped="0" hostname="DESKTOP-NLD0ADD" name="Holidays.Tc_ViaHolidays_002" tests="1" failures="0" timestamp="2023-01-23T10:37:48 IST" time="15.773" errors="0">
  <testcase name="toEnterTheDestination" time="15.773" classname="Holidays.Tc_ViaHolidays_002"/>
  <system-out/>
</testsuite> <!-- Holidays.Tc_ViaHolidays_002 -->
