<?xml version="1.0" encoding="UTF-8"?>
<!-- Generated by org.testng.reporters.JUnitReportReporter -->
<testsuite skipped="0" hostname="DESKTOP-NLD0ADD" name="Holidays.Tc_ViaHolidays_006" tests="1" failures="0" timestamp="2023-01-21T16:15:18 IST" time="2.454" errors="0">
  <testcase name="ToclickOnMinus" time="2.454" classname="Holidays.Tc_ViaHolidays_006"/>
  <system-out>
clicked on holidays module clicked on rooms details dropdown clicked on adults minus icon to decrement  </system-out>
</testsuite> <!-- Holidays.Tc_ViaHolidays_006 -->
