<?xml version="1.0" encoding="UTF-8"?>
<!-- Generated by org.testng.reporters.JUnitReportReporter -->
<testsuite skipped="0" hostname="DESKTOP-NLD0ADD" name="Holidays.Tc_ViaHolidays_008" tests="1" failures="0" timestamp="2023-01-21T17:12:06 IST" time="2.922" errors="0">
  <testcase name="ToClickOnAddRoom" time="2.922" classname="Holidays.Tc_ViaHolidays_008"/>
  <system-out>
added second room details  </system-out>
</testsuite> <!-- Holidays.Tc_ViaHolidays_008 -->
