<?xml version="1.0" encoding="UTF-8"?>
<!-- Generated by org.testng.reporters.JUnitReportReporter -->
<testsuite skipped="0" hostname="DESKTOP-NLD0ADD" name="Annotations.DataProviderExample" tests="2" failures="0" timestamp="2023-01-30T17:50:07 IST" time="0.007" errors="0">
  <testcase name="loginTest" time="0.006" classname="Annotations.DataProviderExample"/>
  <system-out/>
  <testcase name="loginTest" time="0.001" classname="Annotations.DataProviderExample"/>
  <system-out/>
</testsuite> <!-- Annotations.DataProviderExample -->
